[    0.000000] Linux version 5.4.0-122-generic (buildd@lcy02-amd64-095) (gcc version 9.4.0 (Ubuntu 9.4.0-1ubuntu1~20.04.1)) #138-Ubuntu SMP Wed Jun 22 15:00:31 UTC 2022 (Ubuntu 5.4.0-122.138-generic 5.4.192)
[    0.000000] Command line: BOOT_IMAGE=/boot/vmlinuz-5.4.0-122-generic root=UUID=0b4bde30-7573-4cae-ae03-f6d89715b6c4 ro console=tty1 console=ttyS0
[    0.000000] KERNEL supported cpus:
[    0.000000]   Intel GenuineIntel
[    0.000000]   AMD AuthenticAMD
[    0.000000]   Hygon HygonGenuine
[    0.000000]   Centaur CentaurHauls
[    0.000000]   zhaoxin   Shanghai  
[    0.000000] [Firmware Bug]: TSC doesn't count with P0 frequency!
[    0.000000] random: get_random_u32 called from bsp_init_amd+0x223/0x2d0 with crng_init=0
[    0.000000] x86/fpu: x87 FPU will use FXSAVE
[    0.000000] BIOS-provided physical RAM map:
[    0.000000] BIOS-e820: [mem 0x0000000000000000-0x000000000009fbff] usable
[    0.000000] BIOS-e820: [mem 0x000000000009fc00-0x000000000009ffff] reserved
[    0.000000] BIOS-e820: [mem 0x00000000000f0000-0x00000000000fffff] reserved
[    0.000000] BIOS-e820: [mem 0x0000000000100000-0x000000003ffeffff] usable
[    0.000000] BIOS-e820: [mem 0x000000003fff0000-0x000000003fffffff] ACPI data
[    0.000000] BIOS-e820: [mem 0x00000000fec00000-0x00000000fec00fff] reserved
[    0.000000] BIOS-e820: [mem 0x00000000fee00000-0x00000000fee00fff] reserved
[    0.000000] BIOS-e820: [mem 0x00000000fffc0000-0x00000000ffffffff] reserved
[    0.000000] NX (Execute Disable) protection: active
[    0.000000] SMBIOS 2.5 present.
[    0.000000] DMI: innotek GmbH VirtualBox/VirtualBox, BIOS VirtualBox 12/01/2006
[    0.000000] Hypervisor detected: KVM
[    0.000000] kvm-clock: Using msrs 4b564d01 and 4b564d00
[    0.000002] kvm-clock: cpu 0, msr 1ce01001, primary cpu clock
[    0.000002] kvm-clock: using sched offset of 53502666158 cycles
[    0.000007] clocksource: kvm-clock: mask: 0xffffffffffffffff max_cycles: 0x1cd42e4dffb, max_idle_ns: 881590591483 ns
[    0.000013] tsc: Detected 2295.686 MHz processor
[    0.028049] last_pfn = 0x3fff0 max_arch_pfn = 0x400000000
[    0.028528] Disabled
[    0.028531] x86/PAT: MTRRs disabled, skipping PAT initialization too.
[    0.028547] CPU MTRRs all blank - virtualized system.
[    0.028551] x86/PAT: Configuration [0-7]: WB  WT  UC- UC  WB  WT  UC- UC  
[    0.028690] found SMP MP-table at [mem 0x0009fff0-0x0009ffff]
[    0.200134] check: Scanning 1 areas for low memory corruption
[    0.200436] RAMDISK: [mem 0x2de11000-0x32efffff]
[    0.200451] ACPI: Early table checksum verification disabled
[    0.200462] ACPI: RSDP 0x00000000000E0000 000024 (v02 VBOX  )
[    0.200471] ACPI: XSDT 0x000000003FFF0030 00003C (v01 VBOX   VBOXXSDT 00000001 ASL  00000061)
[    0.200485] ACPI: FACP 0x000000003FFF00F0 0000F4 (v04 VBOX   VBOXFACP 00000001 ASL  00000061)
[    0.200500] ACPI: DSDT 0x000000003FFF0470 002325 (v02 VBOX   VBOXBIOS 00000002 INTL 20100528)
[    0.200511] ACPI: FACS 0x000000003FFF0200 000040
[    0.200519] ACPI: FACS 0x000000003FFF0200 000040
[    0.200528] ACPI: APIC 0x000000003FFF0240 00005C (v02 VBOX   VBOXAPIC 00000001 ASL  00000061)
[    0.200538] ACPI: SSDT 0x000000003FFF02A0 0001CC (v01 VBOX   VBOXCPUT 00000002 INTL 20100528)
[    0.200546] ACPI: Reserving FACP table memory at [mem 0x3fff00f0-0x3fff01e3]
[    0.200548] ACPI: Reserving DSDT table memory at [mem 0x3fff0470-0x3fff2794]
[    0.200550] ACPI: Reserving FACS table memory at [mem 0x3fff0200-0x3fff023f]
[    0.200552] ACPI: Reserving FACS table memory at [mem 0x3fff0200-0x3fff023f]
[    0.200553] ACPI: Reserving APIC table memory at [mem 0x3fff0240-0x3fff029b]
[    0.200555] ACPI: Reserving SSDT table memory at [mem 0x3fff02a0-0x3fff046b]
[    0.225851] No NUMA configuration found
[    0.225859] Faking a node at [mem 0x0000000000000000-0x000000003ffeffff]
[    0.225876] NODE_DATA(0) allocated [mem 0x3ffc5000-0x3ffeffff]
[    0.226354] Zone ranges:
[    0.226359]   DMA      [mem 0x0000000000001000-0x0000000000ffffff]
[    0.226362]   DMA32    [mem 0x0000000001000000-0x000000003ffeffff]
[    0.226364]   Normal   empty
[    0.226366]   Device   empty
[    0.226368] Movable zone start for each node
[    0.226371] Early memory node ranges
[    0.226373]   node   0: [mem 0x0000000000001000-0x000000000009efff]
[    0.226376]   node   0: [mem 0x0000000000100000-0x000000003ffeffff]
[    0.226381] Zeroed struct page in unavailable ranges: 114 pages
[    0.226383] Initmem setup node 0 [mem 0x0000000000001000-0x000000003ffeffff]
[    0.253604] ACPI: PM-Timer IO Port: 0x4008
[    0.256435] IOAPIC[0]: apic_id 2, version 32, address 0xfec00000, GSI 0-23
[    0.256458] ACPI: INT_SRC_OVR (bus 0 bus_irq 0 global_irq 2 dfl dfl)
[    0.256462] ACPI: INT_SRC_OVR (bus 0 bus_irq 9 global_irq 9 low level)
[    0.256474] Using ACPI (MADT) for SMP configuration information
[    0.256575] smpboot: Allowing 2 CPUs, 0 hotplug CPUs
[    0.256960] PM: Registered nosave memory: [mem 0x00000000-0x00000fff]
[    0.256963] PM: Registered nosave memory: [mem 0x0009f000-0x0009ffff]
[    0.256965] PM: Registered nosave memory: [mem 0x000a0000-0x000effff]
[    0.256967] PM: Registered nosave memory: [mem 0x000f0000-0x000fffff]
[    0.256970] [mem 0x40000000-0xfebfffff] available for PCI devices
[    0.256973] Booting paravirtualized kernel on KVM
[    0.256978] clocksource: refined-jiffies: mask: 0xffffffff max_cycles: 0xffffffff, max_idle_ns: 7645519600211568 ns
[    0.256987] setup_percpu: NR_CPUS:8192 nr_cpumask_bits:2 nr_cpu_ids:2 nr_node_ids:1
[    0.257814] percpu: Embedded 60 pages/cpu s208896 r8192 d28672 u1048576
[    0.258136] PV qspinlock hash table entries: 256 (order: 0, 4096 bytes, linear)
[    0.258207] Built 1 zonelists, mobility grouping on.  Total pages: 257913
[    0.258210] Policy zone: DMA32
[    0.258215] Kernel command line: BOOT_IMAGE=/boot/vmlinuz-5.4.0-122-generic root=UUID=0b4bde30-7573-4cae-ae03-f6d89715b6c4 ro console=tty1 console=ttyS0
[    0.259123] Dentry cache hash table entries: 131072 (order: 8, 1048576 bytes, linear)
[    0.259260] Inode-cache hash table entries: 65536 (order: 7, 524288 bytes, linear)
[    0.259359] mem auto-init: stack:off, heap alloc:on, heap free:off
[    0.268593] Memory: 909616K/1048120K available (14339K kernel code, 2400K rwdata, 9496K rodata, 2756K init, 4944K bss, 138504K reserved, 0K cma-reserved)
[    0.268856] SLUB: HWalign=64, Order=0-3, MinObjects=0, CPUs=2, Nodes=1
[    0.268881] ftrace: allocating 44652 entries in 175 pages
[    0.339227] rcu: Hierarchical RCU implementation.
[    0.339235] rcu: 	RCU restricting CPUs from NR_CPUS=8192 to nr_cpu_ids=2.
[    0.339237] 	Tasks RCU enabled.
[    0.339240] rcu: RCU calculated value of scheduler-enlistment delay is 25 jiffies.
[    0.339242] rcu: Adjusting geometry for rcu_fanout_leaf=16, nr_cpu_ids=2
[    0.361079] NR_IRQS: 524544, nr_irqs: 440, preallocated irqs: 16
[    0.693002] Console: colour VGA+ 80x25
[    3.414604] printk: console [tty1] enabled
[    6.439300] printk: console [ttyS0] enabled
[    6.459422] ACPI: Core revision 20190816
[    6.499495] APIC: Switch to symmetric I/O mode setup
[    6.702509] ..TIMER: vector=0x30 apic1=0 pin1=2 apic2=-1 pin2=-1
[    6.739160] clocksource: tsc-early: mask: 0xffffffffffffffff max_cycles: 0x211749f51e2, max_idle_ns: 440795249748 ns
[    6.848147] Calibrating delay loop (skipped) preset value.. 4591.37 BogoMIPS (lpj=9182744)
[    6.852136] pid_max: default: 32768 minimum: 301
[    6.852136] LSM: Security Framework initializing
[    6.852136] Yama: becoming mindful.
[    6.852136] AppArmor: AppArmor initialized
[    6.852136] Mount-cache hash table entries: 2048 (order: 2, 16384 bytes, linear)
[    6.852136] Mountpoint-cache hash table entries: 2048 (order: 2, 16384 bytes, linear)
[    6.852136] *** VALIDATE tmpfs ***
[    6.852136] *** VALIDATE proc ***
[    6.852136] *** VALIDATE cgroup1 ***
[    6.852136] *** VALIDATE cgroup2 ***
[    6.862610] Last level iTLB entries: 4KB 512, 2MB 1024, 4MB 512
[    6.864136] Last level dTLB entries: 4KB 1024, 2MB 1024, 4MB 512, 1GB 0
[    6.864136] Spectre V1 : Mitigation: usercopy/swapgs barriers and __user pointer sanitization
[    6.864136] Spectre V2 : Mitigation: Retpolines
[    6.864136] Spectre V2 : Spectre v2 / SpectreRSB mitigation: Filling RSB on context switch
[    6.864136] Speculative Store Bypass: Mitigation: Speculative Store Bypass disabled via prctl and seccomp
[    6.864136] Freeing SMP alternatives memory: 40K
[    6.892136] APIC calibration not consistent with PM-Timer: 328ms instead of 100ms
[    6.892136] APIC delta adjusted to PM-Timer: 6249989 (20501168)
[    6.892136] smpboot: CPU0: AMD A4-9125 RADEON R3, 4 COMPUTE CORES 2C+2G (family: 0x15, model: 0x70, stepping: 0x0)
[    6.892136] Performance Events: PMU not available due to virtualization, using software events only.
[    6.892136] rcu: Hierarchical SRCU implementation.
[    6.892136] NMI watchdog: Perf NMI watchdog permanently disabled
[    6.892136] smp: Bringing up secondary CPUs ...
[    6.892136] x86: Booting SMP configuration:
[    6.892136] .... node  #0, CPUs:      #1
[    6.484925] kvm-clock: cpu 1, msr 1ce01041, secondary cpu clock
[    6.904136] TSC synchronization [CPU#0 -> CPU#1]:
[    6.904136] Measured 124137 cycles TSC warp between CPUs, turning off TSC clock.
[    6.904136] tsc: Marking TSC unstable due to check_tsc_sync_source failed
[    6.918072] smp: Brought up 1 node, 2 CPUs
[    6.920136] smpboot: Max logical packages: 1
[    6.920136] smpboot: Total of 2 processors activated (9182.74 BogoMIPS)
[    6.922087] devtmpfs: initialized
[    6.924136] x86/mm: Memory block size: 128MB
[    7.032839] clocksource: jiffies: mask: 0xffffffff max_cycles: 0xffffffff, max_idle_ns: 7645041785100000 ns
[    7.036136] futex hash table entries: 512 (order: 3, 32768 bytes, linear)
[    7.036136] pinctrl core: initialized pinctrl subsystem
[    7.036136] PM: RTC time: 16:39:22, date: 2022-07-21
[    7.036136] NET: Registered protocol family 16
[    7.036136] audit: initializing netlink subsys (disabled)
[    7.544136] EISA bus registered
[    7.544136] cpuidle: using governor ladder
[    7.544136] audit: type=2000 audit(1658421612.246:1): state=initialized audit_enabled=0 res=1
[    7.652222] cpuidle: using governor menu
[    7.752169] ACPI: bus type PCI registered
[    7.756136] acpiphp: ACPI Hot Plug PCI Controller Driver version: 0.5
[    7.756136] PCI: Using configuration type 1 for base access
[    7.756136] PCI: Using configuration type 1 for extended access
[    7.766215] HugeTLB registered 2.00 MiB page size, pre-allocated 0 pages
[    7.933128] ACPI: Added _OSI(Module Device)
[    7.936136] ACPI: Added _OSI(Processor Device)
[    7.936136] ACPI: Added _OSI(3.0 _SCP Extensions)
[    7.936136] ACPI: Added _OSI(Processor Aggregator Device)
[    7.936136] ACPI: Added _OSI(Linux-Dell-Video)
[    7.936136] ACPI: Added _OSI(Linux-Lenovo-NV-HDMI-Audio)
[    7.936136] ACPI: Added _OSI(Linux-HPI-Hybrid-Graphics)
[    8.336136] ACPI: 2 ACPI AML tables successfully acquired and loaded
[    8.458106] ACPI: Interpreter enabled
[    8.460136] ACPI: (supports S0 S5)
[    8.460136] ACPI: Using IOAPIC for interrupt routing
[    8.613150] PCI: Using host bridge windows from ACPI; if necessary, use "pci=nocrs" and report a bug
[    8.616136] ACPI: Enabled 2 GPEs in block 00 to 07
[    8.932484] ACPI: PCI Root Bridge [PCI0] (domain 0000 [bus 00-ff])
[    8.936136] acpi PNP0A03:00: _OSC: OS supports [ExtendedConfig ASPM ClockPM Segments MSI HPX-Type3]
[    9.128495] acpi PNP0A03:00: _OSC: platform does not support [PCIeCapability LTR]
[    9.196244] acpi PNP0A03:00: _OSC: not requesting control; platform does not support [PCIeCapability]
[    9.200136] acpi PNP0A03:00: _OSC: OS requested [PCIeHotplug SHPCHotplug PME AER PCIeCapability LTR]
[    9.200136] acpi PNP0A03:00: _OSC: platform willing to grant [PCIeHotplug SHPCHotplug PME AER]
[    9.468173] acpi PNP0A03:00: _OSC failed (AE_SUPPORT); disabling ASPM
[    9.601295] PCI host bridge to bus 0000:00
[    9.604136] pci_bus 0000:00: root bus resource [io  0x0000-0x0cf7 window]
[    9.604136] pci_bus 0000:00: root bus resource [io  0x0d00-0xffff window]
[    9.604136] pci_bus 0000:00: root bus resource [mem 0x000a0000-0x000bffff window]
[    9.604136] pci_bus 0000:00: root bus resource [mem 0x40000000-0xfdffffff window]
[    9.604136] pci_bus 0000:00: root bus resource [bus 00-ff]
[    9.604136] pci 0000:00:00.0: [8086:1237] type 00 class 0x060000
[   10.136822] pci 0000:00:01.0: [8086:7000] type 00 class 0x060100
[   10.234949] pci 0000:00:01.1: [8086:7111] type 00 class 0x01018a
[   10.236136] pci 0000:00:01.1: reg 0x20: [io  0xd000-0xd00f]
[   10.236136] pci 0000:00:01.1: legacy IDE quirk: reg 0x10: [io  0x01f0-0x01f7]
[   10.236136] pci 0000:00:01.1: legacy IDE quirk: reg 0x14: [io  0x03f6]
[   10.236136] pci 0000:00:01.1: legacy IDE quirk: reg 0x18: [io  0x0170-0x0177]
[   10.236136] pci 0000:00:01.1: legacy IDE quirk: reg 0x1c: [io  0x0376]
[   10.660136] pci 0000:00:02.0: [80ee:beef] type 00 class 0x030000
[   10.660136] pci 0000:00:02.0: reg 0x10: [mem 0xe0000000-0xe0ffffff pref]
[   10.870952] pci 0000:00:03.0: [8086:100e] type 00 class 0x020000
[   10.872136] pci 0000:00:03.0: reg 0x10: [mem 0xf0000000-0xf001ffff]
[   10.872136] pci 0000:00:03.0: reg 0x18: [io  0xd010-0xd017]
[   11.148136] pci 0000:00:04.0: [80ee:cafe] type 00 class 0x088000
[   11.148136] pci 0000:00:04.0: reg 0x10: [io  0xd020-0xd03f]
[   11.148136] pci 0000:00:04.0: reg 0x14: [mem 0xf0400000-0xf07fffff]
[   11.148136] pci 0000:00:04.0: reg 0x18: [mem 0xf0800000-0xf0803fff pref]
[   11.501355] pci 0000:00:05.0: [8086:2415] type 00 class 0x040100
[   11.504136] pci 0000:00:05.0: reg 0x10: [io  0xd100-0xd1ff]
[   11.504136] pci 0000:00:05.0: reg 0x14: [io  0xd200-0xd23f]
[   11.780721] pci 0000:00:07.0: [8086:7113] type 00 class 0x068000
[   11.784136] pci 0000:00:07.0: quirk: [io  0x4000-0x403f] claimed by PIIX4 ACPI
[   11.784136] pci 0000:00:07.0: quirk: [io  0x4100-0x410f] claimed by PIIX4 SMB
[   11.784136] pci 0000:00:07.0: quirk_piix4_acpi+0x0/0x170 took 210937 usecs
[   12.292136] pci 0000:00:14.0: [1000:0030] type 00 class 0x010000
[   12.292136] pci 0000:00:14.0: reg 0x10: [io  0xd300-0xd3ff]
[   12.292136] pci 0000:00:14.0: reg 0x14: [mem 0xf0820000-0xf083ffff]
[   12.292136] pci 0000:00:14.0: reg 0x18: [mem 0xf0840000-0xf085ffff]
[   12.681528] ACPI: PCI Interrupt Link [LNKA] (IRQs 5 9 10 *11)
[   12.702900] ACPI: PCI Interrupt Link [LNKB] (IRQs 5 9 *10 11)
[   12.704136] ACPI: PCI Interrupt Link [LNKC] (IRQs 5 *9 10 11)
[   12.704136] ACPI: PCI Interrupt Link [LNKD] (IRQs 5 9 10 *11)
[   12.889098] iommu: Default domain type: Translated 
[   12.892136] SCSI subsystem initialized
[   12.968323] pci 0000:00:02.0: vgaarb: setting as boot VGA device
[   12.972136] pci 0000:00:02.0: vgaarb: VGA device added: decodes=io+mem,owns=io+mem,locks=none
[   12.972136] pci 0000:00:02.0: vgaarb: bridge control possible
[   12.972136] vgaarb: loaded
[   12.972136] ACPI: bus type USB registered
[   12.972136] usbcore: registered new interface driver usbfs
[   12.972136] usbcore: registered new interface driver hub
[   12.972136] usbcore: registered new device driver usb
[   12.972136] pps_core: LinuxPPS API ver. 1 registered
[   12.972136] pps_core: Software ver. 5.3.6 - Copyright 2005-2007 Rodolfo Giometti <giometti@linux.it>
[   12.972136] PTP clock support registered
[   12.972817] EDAC MC: Ver: 3.0.0
[   13.028151] PCI: Using ACPI for IRQ routing
[   13.028151] NetLabel: Initializing
[   13.028151] NetLabel:  domain hash size = 128
[   13.116188] NetLabel:  protocols = UNLABELED CIPSOv4 CALIPSO
[   13.116188] NetLabel:  unlabeled traffic allowed by default
[   13.288622] clocksource: Switched to clocksource kvm-clock
[   13.292136] *** VALIDATE bpf ***
[   13.292136] VFS: Disk quotas dquot_6.6.0
[   13.292136] VFS: Dquot-cache hash table entries: 512 (order 0, 4096 bytes)
[   13.689400] *** VALIDATE ramfs ***
[   13.689400] *** VALIDATE hugetlbfs ***
[   13.689400] AppArmor: AppArmor Filesystem Enabled
[   13.689400] pnp: PnP ACPI init
[   14.013133] pnp: PnP ACPI: found 3 devices
[   14.399073] thermal_sys: Registered thermal governor 'fair_share'
[   14.399075] thermal_sys: Registered thermal governor 'bang_bang'
[   14.402421] thermal_sys: Registered thermal governor 'step_wise'
[   14.402421] thermal_sys: Registered thermal governor 'user_space'
[   14.402421] thermal_sys: Registered thermal governor 'power_allocator'
[   14.707859] clocksource: acpi_pm: mask: 0xffffff max_cycles: 0xffffff, max_idle_ns: 2085701024 ns
[   14.708342] pci_bus 0000:00: resource 4 [io  0x0000-0x0cf7 window]
[   14.708342] pci_bus 0000:00: resource 5 [io  0x0d00-0xffff window]
[   14.708342] pci_bus 0000:00: resource 6 [mem 0x000a0000-0x000bffff window]
[   14.708342] pci_bus 0000:00: resource 7 [mem 0x40000000-0xfdffffff window]
[   14.708342] NET: Registered protocol family 2
[   14.708342] IP idents hash table entries: 16384 (order: 5, 131072 bytes, linear)
[   15.315923] tcp_listen_portaddr_hash hash table entries: 512 (order: 1, 8192 bytes, linear)
[   15.378654] TCP established hash table entries: 8192 (order: 4, 65536 bytes, linear)
[   15.463260] TCP bind hash table entries: 8192 (order: 5, 131072 bytes, linear)
[   15.524263] TCP: Hash tables configured (established 8192 bind 8192)
[   15.629381] UDP hash table entries: 512 (order: 2, 16384 bytes, linear)
[   15.715919] UDP-Lite hash table entries: 512 (order: 2, 16384 bytes, linear)
[   15.786236] NET: Registered protocol family 1
[   15.892429] NET: Registered protocol family 44
[   15.920355] pci 0000:00:00.0: Limiting direct PCI/PCI transfers
[   15.920355] pci 0000:00:00.0: quirk_natoma+0x0/0x20 took 138085 usecs
[   15.920355] pci 0000:00:01.0: Activating ISA DMA hang workarounds
[   15.920355] pci 0000:00:01.0: quirk_isa_dma_hangs+0x0/0x20 took 149512 usecs
[   15.920355] pci 0000:00:02.0: Video device with shadowed ROM at [mem 0x000c0000-0x000dffff]
[   15.920355] pci 0000:00:02.0: pci_fixup_video+0x0/0xe0 took 54534 usecs
[   15.920355] PCI: CLS 0 bytes, default 64
[   15.920355] Trying to unpack rootfs image as initramfs...
[   28.122451] Freeing initrd memory: 82876K
[   28.122451] platform rtc_cmos: registered platform RTC device (no PNP device found)
[   28.846321] check: Scanning for low memory corruption every 60 seconds
[   28.931767] Initialise system trusted keyrings
[   28.934725] Key type blacklist registered
[   29.107920] workingset: timestamp_bits=36 max_order=18 bucket_order=0
[   29.111556] zbud: loaded
[   29.111556] squashfs: version 4.0 (2009/01/31) Phillip Lougher
[   29.389860] fuse: init (API version 7.31)
[   29.389860] *** VALIDATE fuse ***
[   29.509955] *** VALIDATE fuse ***
[   29.573402] Platform Keyring initialized
[   29.659371] Key type asymmetric registered
[   29.663231] Asymmetric key parser 'x509' registered
[   29.663231] Block layer SCSI generic (bsg) driver version 0.4 loaded (major 244)
[   29.839014] io scheduler mq-deadline registered
[   29.895623] shpchp: Standard Hot Plug PCI Controller Driver version: 0.4
[   29.996641] ACPI: AC Adapter [AC] (on-line)
[   30.000029] input: Power Button as /devices/LNXSYSTM:00/LNXPWRBN:00/input/input0
[   30.000029] ACPI: Power Button [PWRF]
[   30.223430] input: Sleep Button as /devices/LNXSYSTM:00/LNXSLPBN:00/input/input1
[   30.226759] ACPI: Sleep Button [SLPF]
[   30.381734] Serial: 8250/16550 driver, 32 ports, IRQ sharing enabled
[   30.472671] battery: ACPI: Battery Slot [BAT0] (battery present)
[   30.554789] 00:02: ttyS0 at I/O 0x3f8 (irq = 4, base_baud = 115200) is a 16550A
[   30.839988] Linux agpgart interface v0.103
[   31.484916] loop: module loaded
[   31.528442] scsi host0: ata_piix
[   31.597850] scsi host1: ata_piix
[   31.603318] ata1: PATA max UDMA/33 cmd 0x1f0 ctl 0x3f6 bmdma 0xd000 irq 14
[   31.603318] ata2: PATA max UDMA/33 cmd 0x170 ctl 0x376 bmdma 0xd008 irq 15
[   31.604356] tun: Universal TUN/TAP device driver, 1.6
[   31.789989] PPP generic driver version 2.4.2
[   31.857010] VFIO - User Level meta-driver version: 0.3
[   31.912938] ehci_hcd: USB 2.0 'Enhanced' Host Controller (EHCI) Driver
[   31.912938] ehci-pci: EHCI PCI platform driver
[   31.912938] ehci-platform: EHCI generic platform driver
[   31.912938] ohci_hcd: USB 1.1 'Open' Host Controller (OHCI) Driver
[   31.912938] ohci-pci: OHCI PCI platform driver
[   31.912938] ohci-platform: OHCI generic platform driver
[   31.912938] uhci_hcd: USB Universal Host Controller Interface driver
[   31.912938] i8042: PNP: PS/2 Controller [PNP0303:PS2K,PNP0f03:PS2M] at 0x60,0x64 irq 1,12
[   32.591869] serio: i8042 KBD port at 0x60,0x64 irq 1
[   32.591869] serio: i8042 AUX port at 0x60,0x64 irq 12
[   32.758985] mousedev: PS/2 mouse device common for all mice
[   32.916276] rtc_cmos rtc_cmos: registered as rtc0
[   32.919788] rtc_cmos rtc_cmos: alarms up to one day, 114 bytes nvram
[   32.919788] i2c /dev entries driver
[   32.919788] device-mapper: uevent: version 1.0.3
[   33.235745] device-mapper: ioctl: 4.41.0-ioctl (2019-09-16) initialised: dm-devel@redhat.com
[   33.239355] platform eisa.0: Probing EISA bus 0
[   33.239355] platform eisa.0: EISA: Cannot allocate resource for mainboard
[   33.239355] platform eisa.0: Cannot allocate resource for EISA slot 1
[   33.530300] platform eisa.0: Cannot allocate resource for EISA slot 2
[   33.530300] platform eisa.0: Cannot allocate resource for EISA slot 3
[   33.530300] platform eisa.0: Cannot allocate resource for EISA slot 4
[   33.530300] platform eisa.0: Cannot allocate resource for EISA slot 5
[   33.530300] platform eisa.0: Cannot allocate resource for EISA slot 6
[   33.530300] platform eisa.0: Cannot allocate resource for EISA slot 7
[   33.530300] platform eisa.0: Cannot allocate resource for EISA slot 8
[   33.530300] platform eisa.0: EISA: Detected 0 cards
[   34.048101] ledtrig-cpu: registered to indicate activity on CPUs
[   34.051754] x86/pm: family 0x15 cpu detected, MSR saving is needed during suspending.
[   34.194320] drop_monitor: Initializing network drop monitor service
[   34.197965] NET: Registered protocol family 10
[   34.377499] input: AT Translated Set 2 keyboard as /devices/platform/i8042/serio0/input/input4
[   34.494647] Segment Routing with IPv6
[   34.498614] NET: Registered protocol family 17
[   34.576539] Key type dns_resolver registered
[   34.628179] RAS: Correctable Errors collector initialized.
[   34.632027] IPI shorthand broadcast: enabled
[   34.632027] sched_clock: Marking stable (28147102900, 6480925014)->(39560871427, -4932843513)
[   34.839526] registered taskstats version 1
[   34.868858] Loading compiled-in X.509 certificates
[   34.958912] Loaded X.509 cert 'Build time autogenerated kernel key: 14c1fcd338762a2eeacd3b20a829b037b9235452'
[   35.129778] Loaded X.509 cert 'Canonical Ltd. Live Patch Signing: 14df34d1a87cf37625abec039ef2bf521249b969'
[   35.270250] Loaded X.509 cert 'Canonical Ltd. Kernel Module Signing: 88f752e560a1e0737e31163a466ad7b70a850c19'
[   35.395970] blacklist: Loading compiled-in revocation X.509 certificates
[   35.461793] Loaded X.509 cert 'Canonical Ltd. Secure Boot Signing: 61482aa2830d0ab2ad5af10b7250da9033ddcef0'
[   35.564772] zswap: loaded using pool lzo/zbud
[   35.662170] Key type ._fscrypt registered
[   35.748095] Key type .fscrypt registered
[   36.291900] Key type big_key registered
[   36.424917] Key type encrypted registered
[   36.494063] AppArmor: AppArmor sha1 policy hashing enabled
[   36.539020] ima: No TPM chip found, activating TPM-bypass!
[   36.629240] ima: Allocated hash algorithm: sha1
[   36.665873] ima: No architecture policies found
[   36.744880] evm: Initialising EVM extended attributes:
[   36.797912] evm: security.selinux
[   36.865107] evm: security.SMACK64
[   36.904513] evm: security.SMACK64EXEC
[   37.018698] evm: security.SMACK64TRANSMUTE
[   37.038089] evm: security.SMACK64MMAP
[   37.057122] evm: security.apparmor
[   37.175323] evm: security.ima
[   37.194725] evm: security.capability
[   37.224542] evm: HMAC attrs: 0x1
[   37.336941] PM:   Magic number: 14:414:692
[   37.428416] rtc_cmos rtc_cmos: setting system clock to 2022-07-21T16:39:55 UTC (1658421595)
[   37.589487] Freeing unused decrypted memory: 2040K
[   37.649540] Freeing unused kernel image memory: 2756K
[   37.725807] Write protecting the kernel read-only data: 26624k
[   37.788330] Freeing unused kernel image memory: 2008K
[   37.908686] Freeing unused kernel image memory: 744K
[   38.075651] x86/mm: Checked W+X mappings: passed, no W+X pages found.
[   38.118117] Run /init as init process
Loading, please wait...
Starting version 245.4-4ubuntu3.17
[   40.276825] e1000: Intel(R) PRO/1000 Network Driver - version 7.3.21-k8-NAPI
[   40.324289] e1000: Copyright (c) 1999-2006 Intel Corporation.
[   42.246695] ACPI: Video Device [GFX0] (multi-head: yes  rom: no  post: no)
[   42.287940] input: Video Bus as /devices/LNXSYSTM:00/LNXSYBUS:00/PNP0A03:00/LNXVIDEO:00/input/input5
[   44.521490] piix4_smbus 0000:00:07.0: SMBus Host Controller at 0x4100, revision 0
[   44.618285] Fusion MPT base driver 3.04.20
[   44.645873] Copyright (c) 1999-2008 LSI Corporation
[   45.806676] Fusion MPT SPI Host driver 3.04.20
[   46.016881] input: ImExPS/2 Generic Explorer Mouse as /devices/platform/i8042/serio1/input/input8
[   46.113276] [drm] VRAM 01000000
[   46.134167] [TTM] Zone  kernel: Available graphics memory: 500040 KiB
[   46.154418] mptbase: ioc0: Initiating bringup
[   46.188029] [TTM] Initializing pool allocator
[   46.258761] [TTM] Initializing DMA pool allocator
[   46.504505] fbcon: vboxvideodrmfb (fb0) is primary device
[   46.965133] Console: switching to colour frame buffer device 100x37
[   47.455301] vboxvideo 0000:00:02.0: fb0: vboxvideodrmfb frame buffer device
[   47.518784] ioc0: LSI53C1030 A0: Capabilities={Initiator}
[   47.539190] [drm] Initialized vboxvideo 1.0.0 20130823 for 0000:00:02.0 on minor 0
[   48.628525] scsi host2: ioc0: LSI53C1030 A0, FwRev=00000000h, Ports=1, MaxQ=256, IRQ=20
[   49.205392] scsi 2:0:0:0: Direct-Access     VBOX     HARDDISK         1.0  PQ: 0 ANSI: 5
[   49.362099] scsi target2:0:0: Beginning Domain Validation
[   49.528642] scsi target2:0:0: Domain Validation skipping write tests
[   49.569619] scsi target2:0:0: Ending Domain Validation
[   49.626491] scsi target2:0:0: asynchronous
[   49.677023] random: fast init done
[   49.879581] scsi 2:0:1:0: Direct-Access     VBOX     HARDDISK         1.0  PQ: 0 ANSI: 5
[   50.508286] scsi target2:0:1: Beginning Domain Validation
[   50.847229] scsi target2:0:1: Domain Validation skipping write tests
[   50.956221] scsi target2:0:1: Ending Domain Validation
[   51.048234] scsi target2:0:1: asynchronous
[   51.235635] random: systemd-udevd: uninitialized urandom read (16 bytes read)
[   51.295912] random: systemd-udevd: uninitialized urandom read (16 bytes read)
[   51.396262] sd 2:0:0:0: Attached scsi generic sg0 type 0
[   51.477080] random: systemd-udevd: uninitialized urandom read (16 bytes read)
[   51.572178] sd 2:0:1:0: Attached scsi generic sg1 type 0
[   51.735390] sd 2:0:0:0: [sda] 83886080 512-byte logical blocks: (42.9 GB/40.0 GiB)
[   51.888046] sd 2:0:0:0: [sda] Write Protect is off
[   52.108065] sd 2:0:1:0: [sdb] 20480 512-byte logical blocks: (10.5 MB/10.0 MiB)
[   52.121991] e1000 0000:00:03.0 eth0: (PCI:33MHz:32-bit) 02:70:df:2f:2a:c8
[   52.240279] sd 2:0:1:0: [sdb] Write Protect is off
[   52.354950] e1000 0000:00:03.0 eth0: Intel(R) PRO/1000 Network Connection
[   52.408257] sd 2:0:0:0: [sda] Incomplete mode parameter data
[   52.860455] sd 2:0:0:0: [sda] Assuming drive cache: write through
[   53.545615] sd 2:0:1:0: [sdb] Incomplete mode parameter data
[   53.712699] sd 2:0:1:0: [sdb] Assuming drive cache: write through
[   54.040687]  sda: sda1
[   54.529704] sd 2:0:1:0: [sdb] Attached SCSI disk
[   54.628745] sd 2:0:0:0: [sda] Attached SCSI disk
[   55.029922] e1000 0000:00:03.0 enp0s3: renamed from eth0
Begin: Loading essential drivers ... [   58.577337] raid6: sse2x4   gen()   403 MB/s
[   60.142017] raid6: sse2x4   xor()  7299 MB/s
[   61.281082] raid6: sse2x2   gen()  7002 MB/s
[   62.287968] raid6: sse2x2   xor()   663 MB/s
[   64.125101] raid6: sse2x1   gen() 30967 MB/s
[   65.217296] raid6: sse2x1   xor()  1118 MB/s
[   65.297259] raid6: using algorithm sse2x1 gen() 30967 MB/s
[   65.367358] raid6: .... xor() 1118 MB/s, rmw enabled
[   65.443046] raid6: using ssse3x2 recovery algorithm
[   65.528304] xor: measuring software checksum speed
[   71.155876]    prefetch64-sse: 774208.000 MB/sec
[   71.347963]    generic_sse: 11169.000 MB/sec
[   71.418303] xor: using function: prefetch64-sse (774208.000 MB/sec)
[   71.505507] async_tx: api initialized (async)
done.
Begin: Running /scripts/init-premount ... done.
Begin: Mounting root file system ... Begin: Running /scripts/local-top ... done.
Begin: Running /scripts/local-premount ... [   72.565459] Btrfs loaded, crc32c=crc32c-intel
[   72.704331] crng init done
[   72.770328] random: 7 urandom warning(s) missed due to ratelimiting
Scanning for Btrfs filesystems
done.
Begin: Will now check root file system ... fsck from util-linux 2.34
[/usr/sbin/fsck.ext4 (1) -- /dev/sda1] fsck.ext4 -a -C0 /dev/sda1 
cloudimg-rootfs: clean, 82426/5120000 files, 1042048/10485499 blocks
done.
[   74.143085] EXT4-fs (sda1): mounted filesystem with ordered data mode. Opts: (null)
done.
Begin: Running /scripts/local-bottom ... done.
Begin: Running /scripts/init-bottom ... done.
[   76.808959] systemd[1]: Inserted module 'autofs4'
[   77.110590] systemd[1]: systemd 245.4-4ubuntu3.17 running in system mode. (+PAM +AUDIT +SELINUX +IMA +APPARMOR +SMACK +SYSVINIT +UTMP +LIBCRYPTSETUP +GCRYPT +GNUTLS +ACL +XZ +LZ4 +SECCOMP +BLKID +ELFUTILS +KMOD +IDN2 -IDN +PCRE2 default-hierarchy=hybrid)
[   77.377625] systemd[1]: Detected virtualization oracle.
[   77.443514] systemd[1]: Detected architecture x86-64.

Welcome to [1mUbuntu 20.04.4 LTS[0m!

[   77.588171] systemd[1]: Set hostname to <ubuntu-bionic>.
[   83.606658] systemd[1]: Created slice system-modprobe.slice.
[[0;32m  OK  [0m] Created slice [0;1;39msystem-modprobe.slice[0m.
[   83.755169] systemd[1]: Created slice system-serial\x2dgetty.slice.
[[0;32m  OK  [0m] Created slice [0;1;39msystem-serial\x2dgetty.slice[0m.
[   83.912222] systemd[1]: Created slice User and Session Slice.
[[0;32m  OK  [0m] Created slice [0;1;39mUser and Session Slice[0m.
[   84.153639] systemd[1]: Started Forward Password Requests to Wall Directory Watch.
[[0;32m  OK  [0m] Started [0;1;39mForward Password R…uests to Wall Directory Watch[0m.
[   84.300686] systemd[1]: Set up automount Arbitrary Executable File Formats File System Automount Point.
[[0;32m  OK  [0m] Set up automount [0;1;39mArbitrary…s File System Automount Point[0m.
[   84.493111] systemd[1]: Reached target User and Group Name Lookups.
[[0;32m  OK  [0m] Reached target [0;1;39mUser and Group Name Lookups[0m.
[   84.706525] systemd[1]: Reached target Slices.
[[0;32m  OK  [0m] Reached target [0;1;39mSlices[0m.
[   84.839193] systemd[1]: Reached target Swap.
[[0;32m  OK  [0m] Reached target [0;1;39mSwap[0m.
[   85.009489] systemd[1]: Reached target System Time Set.
[[0;32m  OK  [0m] Reached target [0;1;39mSystem Time Set[0m.
[   85.157080] systemd[1]: Reached target System Time Synchronized.
[[0;32m  OK  [0m] Reached target [0;1;39mSystem Time Synchronized[0m.
[   85.317766] systemd[1]: Listening on Device-mapper event daemon FIFOs.
[[0;32m  OK  [0m] Listening on [0;1;39mDevice-mapper event daemon FIFOs[0m.
[   85.474055] systemd[1]: Listening on LVM2 poll daemon socket.
[[0;32m  OK  [0m] Listening on [0;1;39mLVM2 poll daemon socket[0m.
[   85.604676] systemd[1]: Listening on multipathd control socket.
[[0;32m  OK  [0m] Listening on [0;1;39mmultipathd control socket[0m.
[   85.725277] systemd[1]: Listening on Syslog Socket.
[[0;32m  OK  [0m] Listening on [0;1;39mSyslog Socket[0m.
[   85.895899] systemd[1]: Listening on fsck to fsckd communication Socket.
[[0;32m  OK  [0m] Listening on [0;1;39mfsck to fsckd communication Socket[0m.
[   86.126327] systemd[1]: Listening on initctl Compatibility Named Pipe.
[[0;32m  OK  [0m] Listening on [0;1;39minitctl Compatibility Named Pipe[0m.
[   86.274106] systemd[1]: Listening on Journal Audit Socket.
[[0;32m  OK  [0m] Listening on [0;1;39mJournal Audit Socket[0m.
[   86.426644] systemd[1]: Listening on Journal Socket (/dev/log).
[[0;32m  OK  [0m] Listening on [0;1;39mJournal Socket (/dev/log)[0m.
[   86.584525] systemd[1]: Listening on Journal Socket.
[[0;32m  OK  [0m] Listening on [0;1;39mJournal Socket[0m.
[   86.677460] systemd[1]: Listening on Network Service Netlink Socket.
[[0;32m  OK  [0m] Listening on [0;1;39mNetwork Service Netlink Socket[0m.
[   86.807911] systemd[1]: Listening on udev Control Socket.
[[0;32m  OK  [0m] Listening on [0;1;39mudev Control Socket[0m.
[   87.008164] systemd[1]: Listening on udev Kernel Socket.
[[0;32m  OK  [0m] Listening on [0;1;39mudev Kernel Socket[0m.
[   87.228390] systemd[1]: Mounting Huge Pages File System...
         Mounting [0;1;39mHuge Pages File System[0m...
[   87.354400] systemd[1]: Mounting POSIX Message Queue File System...
         Mounting [0;1;39mPOSIX Message Queue File System[0m...
[   87.527233] systemd[1]: Mounting Kernel Debug File System...
         Mounting [0;1;39mKernel Debug File System[0m...
[   87.720369] systemd[1]: Mounting Kernel Trace File System...
         Mounting [0;1;39mKernel Trace File System[0m...
[   87.902514] systemd[1]: Starting Journal Service...
         Starting [0;1;39mJournal Service[0m...
[   88.415036] systemd[1]: Starting Set the console keyboard layout...
         Starting [0;1;39mSet the console keyboard layout[0m...
[   88.573953] systemd[1]: Starting Create list of static device nodes for the current kernel...
         Starting [0;1;39mCreate list of st…odes for the current kernel[0m...
[   88.922600] systemd[1]: Starting Monitoring of LVM2 mirrors, snapshots etc. using dmeventd or progress polling...
         Starting [0;1;39mMonitoring of LVM…meventd or progress polling[0m...
[   89.255058] systemd[1]: Condition check resulted in Load Kernel Module drm being skipped.
[   89.415165] systemd[1]: Condition check resulted in OpenVSwitch configuration for cleanup being skipped.
[   89.650294] systemd[1]: Condition check resulted in Set Up Additional Binary Formats being skipped.
[   89.823570] systemd[1]: Condition check resulted in File System Check on Root Device being skipped.
[   90.287643] systemd[1]: Starting Load Kernel Modules...
         Starting [0;1;39mLoad Kernel Modules[0m...
[   90.501357] systemd[1]: Starting Remount Root and Kernel File Systems...
         Starting [0;1;39mRemount Root and Kernel File Systems[0m...
[   91.091185] systemd[1]: Starting udev Coldplug all Devices...
         Starting [0;1;39mudev Coldplug all Devices[0m...
[   91.360520] systemd[1]: Starting Uncomplicated firewall...
[   91.549688] EXT4-fs (sda1): re-mounted. Opts: (null)
         Starting [0;1;39mUncomplicated firewall[0m...
[   91.706676] systemd[1]: Started Journal Service.
[[0;32m  OK  [0m] Started [0;1;39mJournal Service[0m.
[[0;32m  OK  [0m] Mounted [0;1;39mHuge Pages File System[0m.
[[0;32m  OK  [0m] Mounted [0;1;39mPOSIX Message Queue File System[0m.
[[0;32m  OK  [0m] Mounted [0;1;39mKernel Debug File System[0[   92.174226] IPMI message handler: version 39.2
m.
[[0;32m  OK  [0m] Mounted [0;1;39mKernel Trace File System[0m.
[[0;32m  OK  [0m] Finished [0;1;39mSet the console keyboard layout[0m.
[[0;32m  OK  [0m] Finished [0;1;39mCreate list of st… nodes for the current kernel[0m.
[   92.469343] ipmi device interface
[[0;32m  OK  [0m] Finished [0;1;39mMonitoring of LVM… dmeventd or progress polling[0m.
[[0;32m  OK  [0m] Finished [0;1;39mRemount Root and Kernel File Systems[0m.
[[0;32m  OK  [0m] Finished [0;1;39mLoad Kernel Modules[0m.
[[0;32m  OK  [0m] Finished [0;1;39mUncomplicated firewall[0m.
         Mounting [0;1;39mFUSE Control File System[0m...
         Mounting [0;1;39mKernel Configuration File System[0m...
         Starting [0;1;39mFlush Journal to Persistent Storage[0m...
[   93.097665] systemd-journald[334]: Received client request to flush runtime journal.
         Starting [0;1;39mLoad/Save Random Seed[0m...
         Starting [0;1;39mApply Kernel Variables[0m...
         Starting [0;1;39mCreate System Users[0m...
[   93.498513] systemd-journald[334]: File /var/log/journal/289b0b8ead374b6dbd62134cf5533ab0/system.journal corrupted or uncleanly shut down, renaming and replacing.
[[0;32m  OK  [0m] Finished [0;1;39mudev Coldplug all Devices[0m.
[[0;32m  OK  [0m] Mounted [0;1;39mFUSE Control File System[0m.
[[0;32m  OK  [0m] Mounted [0;1;39mKernel Configuration File System[0m.
[[0;32m  OK  [0m] Finished [0;1;39mFlush Journal to Persistent Storage[0m.
[[0;32m  OK  [0m] Finished [0;1;39mLoad/Save Random Seed[0m.
[[0;32m  OK  [0m] Finished [0;1;39mApply Kernel Variables[0m.
         Starting [0;1;39mudev Wait for Complete Device Initialization[0m...
[[0;32m  OK  [0m] Finished [0;1;39mCreate System Users[0m.
         Starting [0;1;39mCreate Static Device Nodes in /dev[0m...
[[0;32m  OK  [0m] Finished [0;1;39mCreate Static Device Nodes in /dev[0m.
         Starting [0;1;39mudev Kernel Device Manager[0m...
[[0;32m  OK  [0m] Started [0;1;39mudev Kernel Device Manager[0m.
[[0;32m  OK  [0m] Started [0;1;39mDispatch Password …ts to Console Directory Watch[0m.
[[0;32m  OK  [0m] Reached target [0;1;39mLocal Encrypted Volumes[0m.
[[0;32m  OK  [0m] Found device [0;1;39m/dev/ttyS0[0m.
[[0m[0;31m*     [0m] A start job is running for udev Wai…ce Initialization (38s / 3min 11s)
M[K[[0;1;31m*[0m[0;31m*    [0m] A start job is running for udev Wai…ce Initialization (38s / 3min 11s)
M[K[[0;32m  OK  [0m] Listening on [0;1;39mLoad/Save RF …itch Status /dev/rfkill Watch[0m.
[K[  124.653194] snd_intel8x0 0000:00:05.0: measure - unreliable DMA position..
[[0;31m*[0;1;31m*[0m[0;31m*   [0m] A start job is running for udev Wai…ce Initialization (41s / 3min 11s)
M[K[ [0;31m*[0;1;31m*[0m[0;31m*  [0m] A start job is running for udev Wai…ce Initialization (42s / 3min 11s)
M[K[[0;32m  OK  [0m] Reached target [0;1;39mSound Card[0m.
[K[  [0;31m*[0;1;31m*[0m[0;31m* [0m] A start job is running for udev Wai…ce Initialization (45s / 3min 11s)
M[K[   [0;31m*[0;1;31m*[0m[0;31m*[0m] A start job is running for udev Wai…ce Initialization (46s / 3min 11s)
M[K[    [0;31m*[0;1;31m*[0m] A start job is running for udev Wai…ce Initialization (46s / 3min 11s)
M[K[     [0;31m*[0m] A start job is running for udev Wai…ce Initialization (47s / 3min 11s)
M[K[    [0;31m*[0;1;31m*[0m] A start job is running for udev Wai…ce Initialization (47s / 3min 11s)
M[K[[0;32m  OK  [0m] Finished [0;1;39mudev Wait for Complete Device Initialization[0m.
[K         Starting [0;1;39mDevice-Mapper Multipath Device Controller[0m...
[[0;32m  OK  [0m] Started [0;1;39mDevice-Mapper Multipath Device Controller[0m.
[[0;32m  OK  [0m] Reached target [0;1;39mLocal File Systems (Pre)[0m.
         Mounting [0;1;39mMount unit for core20, revision 1518[0m...
         Mounting [0;1;39mMount unit for lxd, revision 22753[0m...
         Mounting [0;1;39mMount unit for snapd, revision 16292[0m...
[[0;32m  OK  [0m] Mounted [0;1;39mMount unit for core20, revision 1518[0m.
[[0;32m  OK  [0m] Mounted [0;1;39mMount unit for lxd, revision 22753[0m.
[[0;32m  OK  [0m] Mounted [0;1;39mMount unit for snapd, revision 16292[0m.
[[0;32m  OK  [0m] Reached target [0;1;39mLocal File Systems[0m.
         Starting [0;1;39mLoad AppArmor profiles[0m...
         Starting [0;1;39mSet console font and keymap[0m...
         Starting [0;1;39mCreate final runt…dir for shutdown pivot root[0m...
         Starting [0;1;39mTell Plymouth To Write Out Runtime Data[0m...
         Starting [0;1;39mCreate Volatile Files and Directories[0m...
[[0;32m  OK  [0m] Finished [0;1;39mSet console font and keymap[0m.
[[0;32m  OK  [0m] Finished [0;1;39mCreate final runt…e dir for shutdown pivot root[0m.
[[0;32m  OK  [0m] Finished [0;1;39mTell Plymouth To Write Out Runtime Data[0m.
[[0;32m  OK  [0m] Finished [0;1;39mCreate Volatile Files and Directories[0m.
         Starting [0;1;39mUpdate UTMP about System Boot/Shutdown[0m...
[[0;32m  OK  [0m] Finished [0;1;39mUpdate UTMP about System Boot/Shutdown[0m.
[[0;32m  OK  [0m] Finished [0;1;39mLoad AppArmor profiles[0m.
         Starting [0;1;39mLoad AppArmor pro…managed internally by snapd[0m...
         Starting [0;1;39mInitial cloud-init job (pre-networking)[0m...
[[0;32m  OK  [0m] Finished [0;1;39mLoad AppArmor pro…s managed internally by snapd[0m.
[  150.343584] cloud-init[603]: Cloud-init v. 22.2-0ubuntu1~20.04.3 running 'init-local' at Thu, 21 Jul 2022 16:41:52 +0000. Up 148.15 seconds.
[[0;32m  OK  [0m] Finished [0;1;39mInitial cloud-init job (pre-networking)[0m.
[[0;32m  OK  [0m] Reached target [0;1;39mNetwork (Pre)[0m.
         Starting [0;1;39mNetwork Service[0m...
[[0;32m  OK  [0m] Started [0;1;39mNetwork Service[0m.
         Starting [0;1;39mWait for Network to be Configured[0m...
         Starting [0;1;39mNetwork Name Resolution[0m...
[[0;32m  OK  [0m] Finished [0;1;39mWait for Network to be Configured[0m.
[[0;32m  OK  [0m] Started [0;1;39mNetwork Name Resolution[0m.
[[0;32m  OK  [0m] Reached target [0;1;39mNetwork[0m.
[[0;32m  OK  [0m] Reached target [0;1;39mHost and Network Name Lookups[0m.
         Starting [0;1;39mInitial cloud-ini… (metadata service crawler)[0m...
[  162.758792] cloud-init[635]: Cloud-init v. 22.2-0ubuntu1~20.04.3 running 'init' at Thu, 21 Jul 2022 16:42:04 +0000. Up 160.16 seconds.
[  162.785741] cloud-init[635]: ci-info: ++++++++++++++++++++++++++++++++++++++Net device info++++++++++++++++++++++++++++++++++++++
[  162.866461] cloud-init[635]: ci-info: +--------+------+----------------------------+---------------+--------+-------------------+
[  162.951497] cloud-init[635]: ci-info: | Device |  Up  |          Address           |      Mask     | Scope  |     Hw-Address    |
[  163.019472] cloud-init[635]: ci-info: +--------+------+----------------------------+---------------+--------+-------------------+
[  163.041973] cloud-init[635]: ci-info: | enp0s3 | True |         10.0.2.15          | 255.255.255.0 | global | 02:70:df:2f:2a:c8 |
[  163.086950] cloud-init[635]: ci-info: | enp0s3 | True | fe80::70:dfff:fe2f:2ac8/64 |       .       |  link  | 02:70:df:2f:2a:c8 |
[  163.153305] cloud-init[635]: ci-info: |   lo   | True |         127.0.0.1          |   255.0.0.0   |  host  |         .         |
[  163.192481] cloud-init[635]: ci-info: |   lo   | True |          ::1/128           |       .       |  host  |         .         |
[  163.269804] cloud-init[635]: ci-info: +--------+------+----------------------------+---------------+--------+-------------------+
[  163.292991] cloud-init[635]: ci-info: ++++++++++++++++++++++++++++Route IPv4 info+++++++++++++++++++++++++++++
[  163.385697] cloud-init[635]: ci-info: +-------+-------------+----------+-----------------+-----------+-------+
[  163.425161] cloud-init[635]: ci-info: | Route | Destination | Gateway  |     Genmask     | Interface | Flags |
[  163.451953] cloud-init[635]: ci-info: +-------+-------------+----------+-----------------+-----------+-------+
[  163.543520] cloud-init[635]: ci-info: |   0   |   0.0.0.0   | 10.0.2.2 |     0.0.0.0     |   enp0s3  |   UG  |
[  163.677148] cloud-init[635]: ci-info: |   1   |   10.0.2.0  | 0.0.0.0  |  255.255.255.0  |   enp0s3  |   U   |
[  163.717881] cloud-init[635]: ci-info: |   2   |   10.0.2.2  | 0.0.0.0  | 255.255.255.255 |   enp0s3  |   UH  |
[  163.883337] cloud-init[635]: ci-info: +-------+-------------+----------+-----------------+-----------+-------+
[  163.908198] cloud-init[635]: ci-info: +++++++++++++++++++Route IPv6 info+++++++++++++++++++
[  164.058829] cloud-init[635]: ci-info: +-------+-------------+---------+-----------+-------+
[  164.144007] cloud-init[635]: ci-info: | Route | Destination | Gateway | Interface | Flags |
[  164.198500] cloud-init[635]: ci-info: +-------+-------------+---------+-----------+-------+
[  164.217114] cloud-init[635]: ci-info: |   1   |  fe80::/64  |    ::   |   enp0s3  |   U   |
[  164.257650] cloud-init[635]: ci-info: |   3   |    local    |    ::   |   enp0s3  |   U   |
[  164.306058] cloud-init[635]: ci-info: |   4   |  multicast  |    ::   |   enp0s3  |   U   |
[  164.366549] cloud-init[635]: ci-info: +-------+-------------+---------+-----------+-------+
[[0;32m  OK  [0m] Finished [0;1;39mInitial cloud-ini…ob (metadata service crawler)[0m.
[[0;32m  OK  [0m] Reached target [0;1;39mCloud-config availability[0m.
[[0;32m  OK  [0m] Reached target [0;1;39mNetwork is Online[0m.
[[0;32m  OK  [0m] Reached target [0;1;39mSystem Initialization[0m.
[[0;32m  OK  [0m] Started [0;1;39mDaily apt download activities[0m.
[[0;32m  OK  [0m] Started [0;1;39mDaily apt upgrade and clean activities[0m.
[[0;32m  OK  [0m] Started [0;1;39mPeriodic ext4 Onli…ata Check for All Filesystems[0m.
[[0;32m  OK  [0m] Started [0;1;39mDiscard unused blocks once a week[0m.
[[0;32m  OK  [0m] Started [0;1;39mRefresh fwupd metadata regularly[0m.
[[0;32m  OK  [0m] Started [0;1;39mDaily rotation of log files[0m.
[[0;32m  OK  [0m] Started [0;1;39mDaily man-db regeneration[0m.
[[0;32m  OK  [0m] Started [0;1;39mMessage of the Day[0m.
[[0;32m  OK  [0m] Started [0;1;39mDaily Cleanup of Temporary Directories[0m.
[[0;32m  OK  [0m] Started [0;1;39mUbuntu Advantage Timer for running repeated jobs[0m.
[[0;32m  OK  [0m] Reached target [0;1;39mPaths[0m.
[[0;32m  OK  [0m] Reached target [0;1;39mTimers[0m.
[[0;32m  OK  [0m] Listening on [0;1;39mcloud-init hotplug hook socket[0m.
[[0;32m  OK  [0m] Listening on [0;1;39mD-Bus System Message Bus Socket[0m.
[[0;32m  OK  [0m] Listening on [0;1;39mOpen-iSCSI iscsid Socket[0m.
[[0;32m  OK  [0m] Listening on [0;1;39mSocket unix for snap application lxd.daemon[0m.
         Starting [0;1;39mSocket activation for snappy daemon[0m.
[[0;32m  OK  [0m] Listening on [0;1;39mUUID daemon activation socket[0m.
[[0;32m  OK  [0m] Reached target [0;1;39mRemote File Systems (Pre)[0m.
         Mounting [0;1;39m/vagrant[0m...
         Starting [0;1;39mAvailability of block devices[0m...
[[0;32m  OK  [0m] Listening on [0;1;39mSocket activation for snappy daemon[0m.
[[0;32m  OK  [0m] Finished [0;1;39mAvailability of block devices[0m.
[[0;32m  OK  [0m] Reached target [0;1;39mSockets[0m.
[[0;32m  OK  [0m] Reached target [0;1;39mBasic System[0m.
         Starting [0;1;39mAccounts Service[0m...
         Starting [0;1;39mDaily apt upgrade and clean activities[0m...
[[0;32m  OK  [0m] Started [0;1;39mD-Bus System Message Bus[0m.
[[0;32m  OK  [0m] Started [0;1;39mSave initial kernel messages after boot[0m.
         Starting [0;1;39mRemove Stale Onli…t4 Metadata Check Snapshots[0m...
         Starting [0;1;39mRecord successful boot for GRUB[0m...
[[0;32m  OK  [0m] Started [0;1;39mirqbalance daemon[0m.
         Starting [0;1;39mDispatcher daemon for systemd-networkd[0m...
         Starting [0;1;39mAuthorization Manager[0m...
         Starting [0;1;39mSystem Logging Service[0m...
         Starting [0;1;39mService for snap application lxd.activate[0m...
         Starting [0;1;39mSnap Daemon[0m...
         Starting [0;1;39mOpenBSD Secure Shell server[0m...
         Starting [0;1;39mLogin Service[0m...
         Starting [0;1;39mUbuntu Advantage …r for running repeated jobs[0m...
         Starting [0;1;39mDisk Manager[0m...
         Starting [0;1;39mVirtualbox guest utils[0m...
[[0;1;31mFAILED[0m] Failed to mount [0;1;39m/vagrant[0m.
See 'systemctl status vagrant.mount' for details.
[[0;1;38;5;185mDEPEND[0m] Dependency failed for [0;1;39mRemote File Systems[0m.
[[0;32m  OK  [0m] Finished [0;1;39mRemove Stale Onli…ext4 Metadata Check Snapshots[0m.
[[0;32m  OK  [0m] Started [0;1;39mDispatcher daemon for systemd-networkd[0m.
         Starting [0;1;39mLSB: automatic crash report generation[0m...
         Starting [0;1;39mDeferred execution scheduler[0m...
[[0;32m  OK  [0m] Started [0;1;39mRegular background program processing daemon[0m.
         Starting [0;1;39mPermit User Sessions[0m...
[[0;32m  OK  [0m] Started [0;1;39mSystem Logging Service[0m.
[[0;32m  OK  [0m] Started [0;1;39mOpenBSD Secure Shell server[0m.
[[0;32m  OK  [0m] Started [0;1;39mDeferred execution scheduler[0m.
[[0;32m  OK  [0m] Finished [0;1;39mPermit User Sessions[0m.
[[0;32m  OK  [0m] Finished [0;1;39mRecord successful boot for GRUB[0m.
[[0;32m  OK  [0m] Started [0;1;39mAuthorization Manager[0m.
[[0;32m  OK  [0m] Started [0;1;39mLSB: automatic crash report generation[0m.
[[0;32m  OK  [0m] Started [0;1;39mLogin Service[0m.
[[0;32m  OK  [0m] Started [0;1;39mAccounts Service[0m.
[[0;32m  OK  [0m] Started [0;1;39mDisk Manager[0m.
         Starting [0;1;39mModem Manager[0m...
         Starting [0;1;39mGRUB failed boot detection[0m...
         Starting [0;1;39mHold until boot process finishes up[0m...
         Starting [0;1;39mTerminate Plymouth Boot Screen[0m...
[[0;32m  OK  [0m] Started [0;1;39mUnattended Upgrades Shutdown[0m.
[[0;32m  OK  [0m] Finished [0;1;39mHold until boot process finishes up[0m.
[[0;32m  OK  [0m] Started [0;1;39mVirtualbox guest utils[0m.
[[0;32m  OK  [0m] Finished [0;1;39mTerminate Plymouth Boot Screen[0m.
[[0;32m  OK  [0m] Finished [0;1;39mGRUB failed boot detection[0m.
[[0;32m  OK  [0m] Started [0;1;39mSerial Getty on ttyS0[0m.
         Starting [0;1;39mSet console scheme[0m...
[[0;32m  OK  [0m] Finished [0;1;39mSet console scheme[0m.
[[0;32m  OK  [0m] Created slice [0;1;39msystem-getty.slice[0m.
[[0;32m  OK  [0m] Started [0;1;39mGetty on tty1[0m.
[[0;32m  OK  [0m] Reached target [0;1;39mLogin Prompts[0m.

Ubuntu 20.04.4 LTS ubuntu-bionic ttyS0

ubuntu-bionic login: [[0;32m  OK  [0m] Started [0;1;39mModem Manager[0m.
[[0;32m  OK  [0m] Created slice [0;1;39mUser Slice of UID 1000[0m.
         Starting [0;1;39mUser Runtime Directory /run/user/1000[0m...
[[0;32m  OK  [0m] Finished [0;1;39mUser Runtime Directory /run/user/1000[0m.
         Starting [0;1;39mUser Manager for UID 1000[0m...
[[0;32m  OK  [0m] Started [0;1;39mUser Manager for UID 1000[0m.
[[0;32m  OK  [0m] Started [0;1;39mSession 1 of user vagrant[0m.
[[0;32m  OK  [0m] Started [0;1;39mSnap Daemon[0m.
         Starting [0;1;39mWait until snapd is fully seeded[0m...
         Starting [0;1;39mTime & Date Service[0m...
[[0;32m  OK  [0m] Started [0;1;39mTime & Date Service[0m.
[[0;32m  OK  [0m] Finished [0;1;39mWait until snapd is fully seeded[0m.
         Starting [0;1;39mApply the settings specified in cloud-config[0m...
[[0;32m  OK  [0m] Finished [0;1;39mUbuntu Advantage …mer for running repeated jobs[0m.
[[0;32m  OK  [0m] Finished [0;1;39mService for snap application lxd.activate[0m.
[  264.815425] cloud-init[1081]: Cloud-init v. 22.2-0ubuntu1~20.04.3 running 'modules:config' at Thu, 21 Jul 2022 16:43:46 +0000. Up 261.47 seconds.
[[0;32m  OK  [0m] Finished [0;1;39mApply the settings specified in cloud-config[0m.
[[0;32m  OK  [0m] Reached target [0;1;39mMulti-User System[0m.
[[0;32m  OK  [0m] Reached target [0;1;39mGraphical Interface[0m.
         Starting [0;1;39mExecute cloud user/final scripts[0m...
         Starting [0;1;39mUpdate UTMP about System Runlevel Changes[0m...
[[0;32m  OK  [0m] Finished [0;1;39mUpdate UTMP about System Runlevel Changes[0m.
[  281.764745] cloud-init[1150]: Cloud-init v. 22.2-0ubuntu1~20.04.3 running 'modules:final' at Thu, 21 Jul 2022 16:43:58 +0000. Up 273.69 seconds.
[  281.794867] cloud-init[1150]: Cloud-init v. 22.2-0ubuntu1~20.04.3 finished at Thu, 21 Jul 2022 16:44:06 +0000. Datasource DataSourceNoCloud [seed=/dev/sdb][dsmode=net].  Up 281.68 seconds
[[0;32m  OK  [0m] Finished [0;1;39mExecute cloud user/final scripts[0m.
[[0;32m  OK  [0m] Reached target [0;1;39mCloud-init target[0m.
         Stopping [0;1;39mUser Manager for UID 1000[0m...
[[0;32m  OK  [0m] Stopped [0;1;39mUser Manager for UID 1000[0m.
         Stopping [0;1;39mUser Runtime Directory /run/user/1000[0m...
[[0;32m  OK  [0m] Stopped [0;1;39mUser Runtime Directory /run/user/1000[0m.
[[0;32m  OK  [0m] Removed slice [0;1;39mUser Slice of UID 1000[0m.
[[0;32m  OK  [0m] Finished [0;1;39mDaily apt upgrade and clean activities[0m.
[ 1498.991818] rcu: INFO: rcu_sched self-detected stall on CPU
[ 1499.221713] rcu: 	0-...!: (1 GPs behind) idle=b92/1/0x4000000000000002 softirq=23208/23209 fqs=1 
[ 1539.036566] watchdog: BUG: soft lockup - CPU#1 stuck for 24s! [kworker/1:7:541]
